{"/workspaces/ExchangeRateManager/src/services/exchangeService.js": {"path":"/workspaces/ExchangeRateManager/src/services/exchangeService.js","statementMap":{"0":{"start":{"line":1,"column":14},"end":{"line":1,"column":30}},"1":{"start":{"line":2,"column":14},"end":{"line":2,"column":39}},"2":{"start":{"line":4,"column":27},"end":{"line":32,"column":1}},"3":{"start":{"line":5,"column":18},"end":{"line":5,"column":46}},"4":{"start":{"line":6,"column":20},"end":{"line":6,"column":42}},"5":{"start":{"line":8,"column":19},"end":{"line":8,"column":54}},"6":{"start":{"line":10,"column":21},"end":{"line":10,"column":40}},"7":{"start":{"line":11,"column":2},"end":{"line":14,"column":3}},"8":{"start":{"line":12,"column":4},"end":{"line":12,"column":37}},"9":{"start":{"line":13,"column":4},"end":{"line":13,"column":31}},"10":{"start":{"line":16,"column":12},"end":{"line":16,"column":95}},"11":{"start":{"line":17,"column":2},"end":{"line":19,"column":3}},"12":{"start":{"line":18,"column":4},"end":{"line":18,"column":27}},"13":{"start":{"line":21,"column":19},"end":{"line":21,"column":39}},"14":{"start":{"line":22,"column":2},"end":{"line":22,"column":46}},"15":{"start":{"line":24,"column":2},"end":{"line":26,"column":3}},"16":{"start":{"line":25,"column":4},"end":{"line":25,"column":72}},"17":{"start":{"line":28,"column":15},"end":{"line":28,"column":39}},"18":{"start":{"line":29,"column":2},"end":{"line":29,"column":28}},"19":{"start":{"line":31,"column":2},"end":{"line":31,"column":23}},"20":{"start":{"line":34,"column":33},"end":{"line":59,"column":1}},"21":{"start":{"line":35,"column":18},"end":{"line":35,"column":46}},"22":{"start":{"line":36,"column":20},"end":{"line":36,"column":42}},"23":{"start":{"line":38,"column":16},"end":{"line":38,"column":41}},"24":{"start":{"line":39,"column":19},"end":{"line":39,"column":50}},"25":{"start":{"line":40,"column":21},"end":{"line":40,"column":40}},"26":{"start":{"line":42,"column":2},"end":{"line":45,"column":3}},"27":{"start":{"line":43,"column":4},"end":{"line":43,"column":48}},"28":{"start":{"line":44,"column":4},"end":{"line":44,"column":22}},"29":{"start":{"line":47,"column":14},"end":{"line":47,"column":102}},"30":{"start":{"line":49,"column":19},"end":{"line":49,"column":39}},"31":{"start":{"line":50,"column":2},"end":{"line":50,"column":57}},"32":{"start":{"line":52,"column":2},"end":{"line":54,"column":3}},"33":{"start":{"line":53,"column":4},"end":{"line":53,"column":56}},"34":{"start":{"line":56,"column":15},"end":{"line":56,"column":35}},"35":{"start":{"line":57,"column":2},"end":{"line":57,"column":28}},"36":{"start":{"line":58,"column":2},"end":{"line":58,"column":14}},"37":{"start":{"line":61,"column":0},"end":{"line":64,"column":2}}},"fnMap":{"0":{"name":"(anonymous_0)","decl":{"start":{"line":4,"column":27},"end":{"line":4,"column":28}},"loc":{"start":{"line":4,"column":61},"end":{"line":32,"column":1}},"line":4},"1":{"name":"(anonymous_1)","decl":{"start":{"line":34,"column":33},"end":{"line":34,"column":34}},"loc":{"start":{"line":34,"column":59},"end":{"line":59,"column":1}},"line":34}},"branchMap":{"0":{"loc":{"start":{"line":8,"column":36},"end":{"line":8,"column":52}},"type":"binary-expr","locations":[{"start":{"line":8,"column":36},"end":{"line":8,"column":40}},{"start":{"line":8,"column":44},"end":{"line":8,"column":52}}],"line":8},"1":{"loc":{"start":{"line":11,"column":2},"end":{"line":14,"column":3}},"type":"if","locations":[{"start":{"line":11,"column":2},"end":{"line":14,"column":3}},{"start":{},"end":{}}],"line":11},"2":{"loc":{"start":{"line":17,"column":2},"end":{"line":19,"column":3}},"type":"if","locations":[{"start":{"line":17,"column":2},"end":{"line":19,"column":3}},{"start":{},"end":{}}],"line":17},"3":{"loc":{"start":{"line":24,"column":2},"end":{"line":26,"column":3}},"type":"if","locations":[{"start":{"line":24,"column":2},"end":{"line":26,"column":3}},{"start":{},"end":{}}],"line":24},"4":{"loc":{"start":{"line":24,"column":6},"end":{"line":24,"column":68}},"type":"binary-expr","locations":[{"start":{"line":24,"column":6},"end":{"line":24,"column":20}},{"start":{"line":24,"column":24},"end":{"line":24,"column":45}},{"start":{"line":24,"column":49},"end":{"line":24,"column":68}}],"line":24},"5":{"loc":{"start":{"line":42,"column":2},"end":{"line":45,"column":3}},"type":"if","locations":[{"start":{"line":42,"column":2},"end":{"line":45,"column":3}},{"start":{},"end":{}}],"line":42},"6":{"loc":{"start":{"line":52,"column":2},"end":{"line":54,"column":3}},"type":"if","locations":[{"start":{"line":52,"column":2},"end":{"line":54,"column":3}},{"start":{},"end":{}}],"line":52},"7":{"loc":{"start":{"line":52,"column":6},"end":{"line":52,"column":45}},"type":"binary-expr","locations":[{"start":{"line":52,"column":6},"end":{"line":52,"column":20}},{"start":{"line":52,"column":24},"end":{"line":52,"column":45}}],"line":52}},"s":{"0":1,"1":1,"2":1,"3":4,"4":4,"5":4,"6":4,"7":4,"8":1,"9":1,"10":3,"11":3,"12":1,"13":3,"14":3,"15":3,"16":1,"17":2,"18":2,"19":2,"20":1,"21":3,"22":3,"23":3,"24":3,"25":3,"26":3,"27":1,"28":1,"29":2,"30":2,"31":2,"32":2,"33":1,"34":1,"35":1,"36":1,"37":1},"f":{"0":4,"1":3},"b":{"0":[4,3],"1":[1,3],"2":[1,2],"3":[1,2],"4":[3,2,2],"5":[1,2],"6":[1,1],"7":[2,1]},"_coverageSchema":"1a1c01bbd47fc00a2c39e90264f33305004495a9","hash":"c642af49c58c092e43b7fcfe8e25df870887b9c3"}
,"/workspaces/ExchangeRateManager/src/utils/cache.js": {"path":"/workspaces/ExchangeRateManager/src/utils/cache.js","statementMap":{"0":{"start":{"line":1,"column":18},"end":{"line":1,"column":39}},"1":{"start":{"line":2,"column":14},"end":{"line":2,"column":70}},"2":{"start":{"line":4,"column":0},"end":{"line":4,"column":23}}},"fnMap":{},"branchMap":{"0":{"loc":{"start":{"line":2,"column":38},"end":{"line":2,"column":67}},"type":"binary-expr","locations":[{"start":{"line":2,"column":38},"end":{"line":2,"column":59}},{"start":{"line":2,"column":63},"end":{"line":2,"column":67}}],"line":2}},"s":{"0":1,"1":1,"2":1},"f":{},"b":{"0":[1,1]},"_coverageSchema":"1a1c01bbd47fc00a2c39e90264f33305004495a9","hash":"6f553930f573fb4aa2bea21650e15b6ac7af4f9b"}
,"/workspaces/ExchangeRateManager/src/utils/dateValidator.js": {"path":"/workspaces/ExchangeRateManager/src/utils/dateValidator.js","statementMap":{"0":{"start":{"line":2,"column":2},"end":{"line":2,"column":74}},"1":{"start":{"line":6,"column":20},"end":{"line":6,"column":37}},"2":{"start":{"line":7,"column":16},"end":{"line":7,"column":26}},"3":{"start":{"line":9,"column":19},"end":{"line":9,"column":86}},"4":{"start":{"line":10,"column":19},"end":{"line":10,"column":51}},"5":{"start":{"line":12,"column":2},"end":{"line":12,"column":41}},"6":{"start":{"line":16,"column":2},"end":{"line":18,"column":3}},"7":{"start":{"line":17,"column":4},"end":{"line":17,"column":60}},"8":{"start":{"line":20,"column":2},"end":{"line":22,"column":3}},"9":{"start":{"line":21,"column":4},"end":{"line":21,"column":69}},"10":{"start":{"line":25,"column":0},"end":{"line":25,"column":34}}},"fnMap":{"0":{"name":"isValidDateFormat","decl":{"start":{"line":1,"column":9},"end":{"line":1,"column":26}},"loc":{"start":{"line":1,"column":36},"end":{"line":3,"column":1}},"line":1},"1":{"name":"isWithinLast90Days","decl":{"start":{"line":5,"column":9},"end":{"line":5,"column":27}},"loc":{"start":{"line":5,"column":37},"end":{"line":13,"column":1}},"line":5},"2":{"name":"validateDate","decl":{"start":{"line":15,"column":9},"end":{"line":15,"column":21}},"loc":{"start":{"line":15,"column":31},"end":{"line":23,"column":1}},"line":15}},"branchMap":{"0":{"loc":{"start":{"line":2,"column":9},"end":{"line":2,"column":73}},"type":"binary-expr","locations":[{"start":{"line":2,"column":9},"end":{"line":2,"column":44}},{"start":{"line":2,"column":48},"end":{"line":2,"column":73}}],"line":2},"1":{"loc":{"start":{"line":12,"column":9},"end":{"line":12,"column":40}},"type":"binary-expr","locations":[{"start":{"line":12,"column":9},"end":{"line":12,"column":22}},{"start":{"line":12,"column":26},"end":{"line":12,"column":40}}],"line":12},"2":{"loc":{"start":{"line":16,"column":2},"end":{"line":18,"column":3}},"type":"if","locations":[{"start":{"line":16,"column":2},"end":{"line":18,"column":3}},{"start":{},"end":{}}],"line":16},"3":{"loc":{"start":{"line":20,"column":2},"end":{"line":22,"column":3}},"type":"if","locations":[{"start":{"line":20,"column":2},"end":{"line":22,"column":3}},{"start":{},"end":{}}],"line":20}},"s":{"0":3,"1":2,"2":2,"3":2,"4":2,"5":2,"6":3,"7":1,"8":2,"9":1,"10":1},"f":{"0":3,"1":2,"2":3},"b":{"0":[3,2],"1":[2,2],"2":[1,2],"3":[1,1]},"_coverageSchema":"1a1c01bbd47fc00a2c39e90264f33305004495a9","hash":"d2901fccba1c2059eef2e71b28d1715855d38c38"}
}
