TN:
SF:src/services/exchangeService.js
FN:4,(anonymous_0)
FN:34,(anonymous_1)
FNF:2
FNH:2
FNDA:4,(anonymous_0)
FNDA:3,(anonymous_1)
DA:1,1
DA:2,1
DA:4,1
DA:5,4
DA:6,4
DA:8,4
DA:10,4
DA:11,4
DA:12,1
DA:13,1
DA:16,3
DA:17,3
DA:18,1
DA:21,3
DA:22,3
DA:24,3
DA:25,1
DA:28,2
DA:29,2
DA:31,2
DA:34,1
DA:35,3
DA:36,3
DA:38,3
DA:39,3
DA:40,3
DA:42,3
DA:43,1
DA:44,1
DA:47,2
DA:49,2
DA:50,2
DA:52,2
DA:53,1
DA:56,1
DA:57,1
DA:58,1
DA:61,1
LF:38
LH:38
BRDA:8,0,0,4
BRDA:8,0,1,3
BRDA:11,1,0,1
BRDA:11,1,1,3
BRDA:17,2,0,1
BRDA:17,2,1,2
BRDA:24,3,0,1
BRDA:24,3,1,2
BRDA:24,4,0,3
BRDA:24,4,1,2
BRDA:24,4,2,2
BRDA:42,5,0,1
BRDA:42,5,1,2
BRDA:52,6,0,1
BRDA:52,6,1,1
BRDA:52,7,0,2
BRDA:52,7,1,1
BRF:17
BRH:17
end_of_record
TN:
SF:src/utils/cache.js
FNF:0
FNH:0
DA:1,1
DA:2,1
DA:4,1
LF:3
LH:3
BRDA:2,0,0,1
BRDA:2,0,1,1
BRF:2
BRH:2
end_of_record
TN:
SF:src/utils/dateValidator.js
FN:1,isValidDateFormat
FN:5,isWithinLast90Days
FN:15,validateDate
FNF:3
FNH:3
FNDA:3,isValidDateFormat
FNDA:2,isWithinLast90Days
FNDA:3,validateDate
DA:2,3
DA:6,2
DA:7,2
DA:9,2
DA:10,2
DA:12,2
DA:16,3
DA:17,1
DA:20,2
DA:21,1
DA:25,1
LF:11
LH:11
BRDA:2,0,0,3
BRDA:2,0,1,2
BRDA:12,1,0,2
BRDA:12,1,1,2
BRDA:16,2,0,1
BRDA:16,2,1,2
BRDA:20,3,0,1
BRDA:20,3,1,1
BRF:8
BRH:8
end_of_record
